               _______                    ________________________________
               __  __ \______________________  __ \__  __ \__    |_  ____/
               _  / / /__  __ \  _ \_  __ \_  / / /_  /_/ /_  /| |  / __  
               / /_/ /__  /_/ /  __/  / / /  /_/ /_  _, _/_  ___ / /_/ /  
               \____/ _  .___/\___//_/ /_//_____/ /_/ |_| /_/  |_\____/   
                      /_/                                                 
=======================================================================================
Vehicle: SN3_120A
Date:    04/01/2024
Time:    09:27:04
=======================================================================================
Acceleration simulation started:
Initial Speed: 0 km/h
|_______Comment________|_Speed_|_Accel_|_EnRPM_|_Gear__|_Tabs__|_Xabs__|_Trel__|_Xrel_|
|______________________|[km/h]_|__[G]__|_[rpm]_|__[#]__|__[s]__|__[m]__|__[s]__|_[m]__|
Speed Trap #  1  50km/h   50.02	   0.84	   1760	      1	   1.71	  11.83	   1.71	  11.83
Speed Trap #  2 100km/h  100.00	   0.52	   3520	      1	   3.63	  52.99	   3.63	  52.99
Drag limited        	 145.48	   0.01	   5121	      1	  15.65	 507.35	  15.65	 507.35
Average acceleration:    0.263 [G]
Peak acceleration   :    0.847 [G]
Elapsed time is 0.327283 seconds.
===============================================================================
Deceleration simulation started:
Initial Speed: 145.4755 [km/h]
|_______Comment________|_Speed_|_Accel_|_EnRPM_|_Gear__|_Tabs__|_Xabs__|_Trel__|_Xrel_|
|______________________|[km/h]_|__[G]__|_[rpm]_|__[#]__|__[s]__|__[m]__|__[s]__|_[m]__|
Speed Trap #  2 100km/h   99.96	  -2.45	   3522	      1	  16.11	 522.64	   0.45	  15.30
Speed Trap #  1  50km/h   49.99	  -1.85	   1762	      1	  16.78	 536.42	   1.13	  29.07
Stopped             	   0.00	  -1.65	      0	      1	  17.60	 542.04	   1.95	  34.70
Average deceleration:    2.110 [G]
Peak deceleration   :    3.330 [G]
Elapsed time is 0.164487 seconds.
===============================================================================
Simulation completed successfully.
Elapsed time is 0.530354 seconds.
