               _______                    ________________________________
               __  __ \______________________  __ \__  __ \__    |_  ____/
               _  / / /__  __ \  _ \_  __ \_  / / /_  /_/ /_  /| |  / __  
               / /_/ /__  /_/ /  __/  / / /  /_/ /_  _, _/_  ___ / /_/ /  
               \____/ _  .___/\___//_/ /_//_____/ /_/ |_| /_/  |_\____/   
                      /_/                                                 
=======================================================================================
Vehicle: SN3_120A_Low_Drag
Date:    04/01/2024
Time:    09:28:13
=======================================================================================
Acceleration simulation started:
Initial Speed: 0 km/h
|_______Comment________|_Speed_|_Accel_|_EnRPM_|_Gear__|_Tabs__|_Xabs__|_Trel__|_Xrel_|
|______________________|[km/h]_|__[G]__|_[rpm]_|__[#]__|__[s]__|__[m]__|__[s]__|_[m]__|
Speed Trap #  1  50km/h   50.01	   0.81	   1760	      1	   1.73	  12.09	   1.73	  12.09
Speed Trap #  2 100km/h  100.02	   0.58	   3520	      1	   3.63	  52.13	   3.63	  52.13
Speed Trap #  3 150km/h  150.00	   0.10	   5280	      1	   8.94	 246.97	   8.94	 246.97
Engine speed limited	 154.35	   0.06	   5433	      1	  10.47	 311.63	  10.47	 311.63
Average acceleration:    0.417 [G]
Peak acceleration   :    0.822 [G]
Elapsed time is 0.241375 seconds.
===============================================================================
Deceleration simulation started:
Initial Speed: 154.3545 [km/h]
|_______Comment________|_Speed_|_Accel_|_EnRPM_|_Gear__|_Tabs__|_Xabs__|_Trel__|_Xrel_|
|______________________|[km/h]_|__[G]__|_[rpm]_|__[#]__|__[s]__|__[m]__|__[s]__|_[m]__|
Speed Trap #  3 150km/h  149.98	  -3.05	   5283	      1	  10.51	 313.32	   0.04	   1.69
Speed Trap #  2 100km/h   99.95	  -2.28	   3521	      1	  11.05	 331.89	   0.58	  20.25
Speed Trap #  1  50km/h   49.94	  -1.81	   1760	      1	  11.76	 346.37	   1.28	  34.74
Stopped             	   0.00	  -1.65	      2	      1	  12.59	 352.05	   2.12	  40.42
Average deceleration:    2.065 [G]
Peak deceleration   :    3.134 [G]
Elapsed time is 0.128674 seconds.
===============================================================================
Simulation completed successfully.
Elapsed time is 0.409382 seconds.
