_______                    ____________________________________ __
__  __ \______________________  __/__  __ \__    |_  ____/__  //_/
_  / / /__  __ \  _ \_  __ \_  /  __  /_/ /_  /| |  /    __  ,<   
/ /_/ /__  /_/ /  __/  / / /  /   _  _, _/_  ___ / /___  _  /| |  
\____/ _  .___/\___//_/ /_//_/    /_/ |_| /_/  |_\____/  /_/ |_|  
       /_/                                                        
==================================================================
Michigan_2021_Endurance.xlsx
File read successfully
==================================================================
Name:          Michigan 2021 End
City:          Brooklyn
Country:       US
Type:          Permanent
Configuration: Closed
Direction:     Forward
Mirror:        Off
Date:          03/01/2024
Time:          18:02:46
==================================================================
Track generation started.
Pre-processing completed.
Coarse meshing completed.
Fine meshing completed with mesh size: 0.25 [m]
Apex calculation completed.
Track rotated.
Closing fine mesh map.
Fine mesh map closed.
Fine mesh map created.
Plots created and saved.
Track generated successfully.
